<?xml version="1.0" encoding="UTF-8"?>
<testng-results ignored="0" total="1" passed="1" failed="0" skipped="0">
  <reporter-output>
  </reporter-output>
  <suite started-at="2020-04-18T08:49:14 ADT" name="Surefire suite" finished-at="2020-04-18T08:49:14 ADT" duration-ms="8">
    <groups>
    </groups>
    <test started-at="2020-04-18T08:49:14 ADT" name="Surefire test" finished-at="2020-04-18T08:49:14 ADT" duration-ms="8">
      <class name="qaclickacademy.AppTest">
        <test-method signature="testApp()[pri:0, instance:testApp(qaclickacademy.AppTest)]" started-at="2020-04-18T08:49:14 ADT" name="testApp" finished-at="2020-04-18T08:49:14 ADT" duration-ms="0" status="PASS">
          <reporter-output>
          </reporter-output>
        </test-method> <!-- testApp -->
      </class> <!-- qaclickacademy.AppTest -->
    </test> <!-- Surefire test -->
  </suite> <!-- Surefire suite -->
</testng-results>
