<?xml version="1.0" encoding="UTF-8"?>
<!-- Generated by org.testng.reporters.JUnitXMLReporter -->
<testsuite ignored="0" hostname="Nikhil" failures="0" tests="6" name="Surefire test" time="0.052" errors="0" timestamp="2020-04-18T08:49:14 ADT">
  <testcase classname="qaclickacademy.AppiumTest" name="apiintegrTion" time="0.013"/>
  <testcase classname="qaclickacademy.AppiumTest" name="appiumlogin" time="0.0"/>
  <testcase classname="qaclickacademy.RestassureTest" name="deletetwitter" time="0.0"/>
  <testcase classname="qaclickacademy.RestassureTest" name="restassurelogin" time="0.0"/>
  <testcase classname="qaclickacademy.SeleniumTest" name="seleniumlogin" time="0.001"/>
  <testcase classname="qaclickacademy.SeleniumTest" name="weblogin" time="0.0"/>
</testsuite> <!-- Surefire test -->
