<?xml version="1.0" encoding="UTF-8"?>
<testng-results ignored="0" total="6" passed="6" failed="0" skipped="0">
  <reporter-output>
  </reporter-output>
  <suite started-at="2020-04-18T08:49:14 ADT" name="Surefire suite" finished-at="2020-04-18T08:49:14 ADT" duration-ms="52">
    <groups>
    </groups>
    <test started-at="2020-04-18T08:49:14 ADT" name="Surefire test" finished-at="2020-04-18T08:49:14 ADT" duration-ms="52">
      <class name="qaclickacademy.AppiumTest">
        <test-method signature="apiintegrTion()[pri:0, instance:qaclickacademy.AppiumTest@70beb599]" started-at="2020-04-18T08:49:14 ADT" name="apiintegrTion" finished-at="2020-04-18T08:49:14 ADT" duration-ms="13" status="PASS">
          <reporter-output>
          </reporter-output>
        </test-method> <!-- apiintegrTion -->
        <test-method signature="appiumlogin()[pri:0, instance:qaclickacademy.AppiumTest@70beb599]" started-at="2020-04-18T08:49:14 ADT" name="appiumlogin" finished-at="2020-04-18T08:49:14 ADT" duration-ms="0" status="PASS">
          <reporter-output>
          </reporter-output>
        </test-method> <!-- appiumlogin -->
      </class> <!-- qaclickacademy.AppiumTest -->
      <class name="qaclickacademy.RestassureTest">
        <test-method signature="deletetwitter()[pri:0, instance:qaclickacademy.RestassureTest@4e41089d]" started-at="2020-04-18T08:49:14 ADT" name="deletetwitter" finished-at="2020-04-18T08:49:14 ADT" duration-ms="0" status="PASS">
          <reporter-output>
          </reporter-output>
        </test-method> <!-- deletetwitter -->
        <test-method signature="restassurelogin()[pri:0, instance:qaclickacademy.RestassureTest@4e41089d]" started-at="2020-04-18T08:49:14 ADT" name="restassurelogin" finished-at="2020-04-18T08:49:14 ADT" duration-ms="0" status="PASS">
          <reporter-output>
          </reporter-output>
        </test-method> <!-- restassurelogin -->
      </class> <!-- qaclickacademy.RestassureTest -->
      <class name="qaclickacademy.SeleniumTest">
        <test-method signature="seleniumlogin()[pri:0, instance:qaclickacademy.SeleniumTest@32a068d1]" started-at="2020-04-18T08:49:14 ADT" name="seleniumlogin" finished-at="2020-04-18T08:49:14 ADT" duration-ms="1" status="PASS">
          <reporter-output>
          </reporter-output>
        </test-method> <!-- seleniumlogin -->
        <test-method signature="weblogin()[pri:0, instance:qaclickacademy.SeleniumTest@32a068d1]" started-at="2020-04-18T08:49:14 ADT" name="weblogin" finished-at="2020-04-18T08:49:14 ADT" duration-ms="0" status="PASS">
          <reporter-output>
          </reporter-output>
        </test-method> <!-- weblogin -->
      </class> <!-- qaclickacademy.SeleniumTest -->
    </test> <!-- Surefire test -->
  </suite> <!-- Surefire suite -->
</testng-results>
