<?xml version="1.0" encoding="UTF-8"?>
<!-- Generated by org.testng.reporters.JUnitXMLReporter -->
<testsuite ignored="0" hostname="Nikhil" failures="0" tests="4" name="Test" time="0.055" errors="0" timestamp="2020-04-18T08:57:34 ADT">
  <testcase classname="qaclickacademy.AppiumTest" name="apiintegrTion" time="0.006"/>
  <testcase classname="qaclickacademy.AppiumTest" name="appiumlogin" time="0.0"/>
  <testcase classname="qaclickacademy.SeleniumTest" name="seleniumlogin" time="0.0"/>
  <testcase classname="qaclickacademy.SeleniumTest" name="weblogin" time="0.0"/>
</testsuite> <!-- Test -->
