<?xml version="1.0" encoding="UTF-8"?>
<testng-results ignored="0" total="4" passed="4" failed="0" skipped="0">
  <reporter-output>
  </reporter-output>
  <suite started-at="2020-04-18T08:57:34 ADT" name="Suite" finished-at="2020-04-18T08:57:34 ADT" duration-ms="55">
    <groups>
    </groups>
    <test started-at="2020-04-18T08:57:34 ADT" name="Test" finished-at="2020-04-18T08:57:34 ADT" duration-ms="55">
      <class name="qaclickacademy.AppiumTest">
        <test-method signature="apiintegrTion()[pri:0, instance:qaclickacademy.AppiumTest@548a102f]" started-at="2020-04-18T08:57:34 ADT" name="apiintegrTion" finished-at="2020-04-18T08:57:34 ADT" duration-ms="6" status="PASS">
          <reporter-output>
          </reporter-output>
        </test-method> <!-- apiintegrTion -->
        <test-method signature="appiumlogin()[pri:0, instance:qaclickacademy.AppiumTest@548a102f]" started-at="2020-04-18T08:57:34 ADT" name="appiumlogin" finished-at="2020-04-18T08:57:34 ADT" duration-ms="0" status="PASS">
          <reporter-output>
          </reporter-output>
        </test-method> <!-- appiumlogin -->
      </class> <!-- qaclickacademy.AppiumTest -->
      <class name="qaclickacademy.SeleniumTest">
        <test-method signature="seleniumlogin()[pri:0, instance:qaclickacademy.SeleniumTest@5762806e]" started-at="2020-04-18T08:57:34 ADT" name="seleniumlogin" finished-at="2020-04-18T08:57:34 ADT" duration-ms="0" status="PASS">
          <reporter-output>
          </reporter-output>
        </test-method> <!-- seleniumlogin -->
        <test-method signature="weblogin()[pri:0, instance:qaclickacademy.SeleniumTest@5762806e]" started-at="2020-04-18T08:57:34 ADT" name="weblogin" finished-at="2020-04-18T08:57:34 ADT" duration-ms="0" status="PASS">
          <reporter-output>
          </reporter-output>
        </test-method> <!-- weblogin -->
      </class> <!-- qaclickacademy.SeleniumTest -->
    </test> <!-- Test -->
  </suite> <!-- Suite -->
</testng-results>
